<?xml version="1.0" encoding="UTF-8"?>
<coverage generated="1663868152397" clover="3.2.0">
  <project timestamp="1663868152397" name="All files">
    <metrics statements="107" coveredstatements="107" conditionals="24" coveredconditionals="23" methods="45" coveredmethods="44" elements="176" coveredelements="174" complexity="0" loc="107" ncloc="107" packages="5" files="9" classes="9"/>
    <package name="cypress.mocks">
      <metrics statements="1" coveredstatements="1" conditionals="0" coveredconditionals="0" methods="0" coveredmethods="0"/>
      <file name="testData.js" path="/Users/joaoguilherme/Documents/projetos/sd-023-b-project-starwars-planets-search/cypress/mocks/testData.js">
        <metrics statements="1" coveredstatements="1" conditionals="0" coveredconditionals="0" methods="0" coveredmethods="0"/>
        <line num="1" count="1" type="stmt"/>
      </file>
    </package>
    <package name="src">
      <metrics statements="1" coveredstatements="1" conditionals="0" coveredconditionals="0" methods="1" coveredmethods="1"/>
      <file name="App.js" path="/Users/joaoguilherme/Documents/projetos/sd-023-b-project-starwars-planets-search/src/App.js">
        <metrics statements="1" coveredstatements="1" conditionals="0" coveredconditionals="0" methods="1" coveredmethods="1"/>
        <line num="10" count="6" type="stmt"/>
      </file>
    </package>
    <package name="src.components">
      <metrics statements="87" coveredstatements="87" conditionals="24" coveredconditionals="23" methods="41" coveredmethods="40"/>
      <file name="NameFilter.jsx" path="/Users/joaoguilherme/Documents/projetos/sd-023-b-project-starwars-planets-search/src/components/NameFilter.jsx">
        <metrics statements="3" coveredstatements="3" conditionals="0" coveredconditionals="0" methods="2" coveredmethods="2"/>
        <line num="5" count="61" type="stmt"/>
        <line num="6" count="61" type="stmt"/>
        <line num="11" count="8" type="stmt"/>
      </file>
      <file name="NumericFilter.jsx" path="/Users/joaoguilherme/Documents/projetos/sd-023-b-project-starwars-planets-search/src/components/NumericFilter.jsx">
        <metrics statements="26" coveredstatements="26" conditionals="0" coveredconditionals="0" methods="12" coveredmethods="12"/>
        <line num="5" count="86" type="stmt"/>
        <line num="6" count="86" type="stmt"/>
        <line num="7" count="86" type="stmt"/>
        <line num="8" count="86" type="stmt"/>
        <line num="10" count="86" type="stmt"/>
        <line num="11" count="86" type="stmt"/>
        <line num="12" count="86" type="stmt"/>
        <line num="14" count="86" type="stmt"/>
        <line num="15" count="8" type="stmt"/>
        <line num="20" count="31" type="stmt"/>
        <line num="23" count="86" type="stmt"/>
        <line num="24" count="1" type="stmt"/>
        <line num="25" count="1" type="stmt"/>
        <line num="26" count="1" type="stmt"/>
        <line num="27" count="1" type="stmt"/>
        <line num="30" count="86" type="stmt"/>
        <line num="31" count="1" type="stmt"/>
        <line num="32" count="1" type="stmt"/>
        <line num="36" count="86" type="stmt"/>
        <line num="37" count="15" type="stmt"/>
        <line num="40" count="86" type="stmt"/>
        <line num="44" count="4" type="stmt"/>
        <line num="46" count="370" type="stmt"/>
        <line num="50" count="6" type="stmt"/>
        <line num="58" count="15" type="stmt"/>
        <line num="77" count="60" type="stmt"/>
      </file>
      <file name="Order.jsx" path="/Users/joaoguilherme/Documents/projetos/sd-023-b-project-starwars-planets-search/src/components/Order.jsx">
        <metrics statements="9" coveredstatements="9" conditionals="0" coveredconditionals="0" methods="5" coveredmethods="5"/>
        <line num="5" count="61" type="stmt"/>
        <line num="6" count="61" type="stmt"/>
        <line num="7" count="61" type="stmt"/>
        <line num="9" count="61" type="stmt"/>
        <line num="10" count="8" type="stmt"/>
        <line num="16" count="61" type="stmt"/>
        <line num="21" count="4" type="stmt"/>
        <line num="37" count="2" type="stmt"/>
        <line num="48" count="3" type="stmt"/>
      </file>
      <file name="Table.jsx" path="/Users/joaoguilherme/Documents/projetos/sd-023-b-project-starwars-planets-search/src/components/Table.jsx">
        <metrics statements="49" coveredstatements="49" conditionals="24" coveredconditionals="23" methods="22" coveredmethods="21"/>
        <line num="8" count="67" type="stmt"/>
        <line num="9" count="66" type="stmt"/>
        <line num="10" count="66" type="stmt"/>
        <line num="11" count="66" type="stmt"/>
        <line num="12" count="66" type="stmt"/>
        <line num="13" count="66" type="stmt"/>
        <line num="15" count="66" type="stmt"/>
        <line num="16" count="20" type="cond" truecount="2" falsecount="0"/>
        <line num="17" count="12" type="stmt"/>
        <line num="19" count="8" type="stmt"/>
        <line num="23" count="66" type="stmt"/>
        <line num="24" count="17" type="cond" truecount="2" falsecount="0"/>
        <line num="25" count="6" type="stmt"/>
        <line num="27" count="4" type="cond" truecount="2" falsecount="0"/>
        <line num="31" count="17" type="cond" truecount="2" falsecount="0"/>
        <line num="32" count="5" type="stmt"/>
        <line num="34" count="1" type="cond" truecount="1" falsecount="1"/>
        <line num="38" count="17" type="cond" truecount="2" falsecount="0"/>
        <line num="39" count="6" type="stmt"/>
        <line num="40" count="14" type="stmt"/>
        <line num="45" count="66" type="stmt"/>
        <line num="46" count="5" type="stmt"/>
        <line num="47" count="5" type="stmt"/>
        <line num="48" count="5" type="stmt"/>
        <line num="49" count="5" type="stmt"/>
        <line num="50" count="5" type="stmt"/>
        <line num="52" count="5" type="stmt"/>
        <line num="55" count="66" type="stmt"/>
        <line num="56" count="13" type="stmt"/>
        <line num="59" count="66" type="stmt"/>
        <line num="60" count="15" type="cond" truecount="2" falsecount="0"/>
        <line num="61" count="7" type="stmt"/>
        <line num="63" count="8" type="stmt"/>
        <line num="64" count="17" type="stmt"/>
        <line num="69" count="66" type="stmt"/>
        <line num="71" count="66" type="stmt"/>
        <line num="73" count="66" type="stmt"/>
        <line num="74" count="80" type="stmt"/>
        <line num="75" count="8" type="stmt"/>
        <line num="78" count="66" type="stmt"/>
        <line num="79" count="10" type="stmt"/>
        <line num="80" count="10" type="cond" truecount="2" falsecount="0"/>
        <line num="81" count="2" type="stmt"/>
        <line num="85" count="10" type="cond" truecount="2" falsecount="0"/>
        <line num="86" count="2" type="stmt"/>
        <line num="92" count="66" type="stmt"/>
        <line num="97" count="221" type="cond" truecount="2" falsecount="0"/>
        <line num="103" count="128" type="stmt"/>
        <line num="107" count="1664" type="cond" truecount="2" falsecount="0"/>
      </file>
    </package>
    <package name="src.context">
      <metrics statements="9" coveredstatements="9" conditionals="0" coveredconditionals="0" methods="1" coveredmethods="1"/>
      <file name="AppContext.js" path="/Users/joaoguilherme/Documents/projetos/sd-023-b-project-starwars-planets-search/src/context/AppContext.js">
        <metrics statements="1" coveredstatements="1" conditionals="0" coveredconditionals="0" methods="0" coveredmethods="0"/>
        <line num="3" count="1" type="stmt"/>
      </file>
      <file name="Provider.js" path="/Users/joaoguilherme/Documents/projetos/sd-023-b-project-starwars-planets-search/src/context/Provider.js">
        <metrics statements="8" coveredstatements="8" conditionals="0" coveredconditionals="0" methods="1" coveredmethods="1"/>
        <line num="6" count="63" type="stmt"/>
        <line num="7" count="63" type="stmt"/>
        <line num="8" count="63" type="stmt"/>
        <line num="9" count="63" type="stmt"/>
        <line num="10" count="63" type="stmt"/>
        <line num="11" count="63" type="stmt"/>
        <line num="24" count="63" type="stmt"/>
        <line num="31" count="1" type="stmt"/>
      </file>
    </package>
    <package name="src.services">
      <metrics statements="9" coveredstatements="9" conditionals="0" coveredconditionals="0" methods="2" coveredmethods="2"/>
      <file name="index.js" path="/Users/joaoguilherme/Documents/projetos/sd-023-b-project-starwars-planets-search/src/services/index.js">
        <metrics statements="9" coveredstatements="9" conditionals="0" coveredconditionals="0" methods="2" coveredmethods="2"/>
        <line num="1" count="1" type="stmt"/>
        <line num="3" count="1" type="stmt"/>
        <line num="4" count="5" type="stmt"/>
        <line num="5" count="5" type="stmt"/>
        <line num="6" count="5" type="stmt"/>
        <line num="7" count="5" type="stmt"/>
        <line num="8" count="50" type="stmt"/>
        <line num="10" count="5" type="stmt"/>
        <line num="11" count="5" type="stmt"/>
      </file>
    </package>
  </project>
</coverage>
