{"total": {"lines":{"total":107,"covered":107,"skipped":0,"pct":100},"statements":{"total":115,"covered":114,"skipped":0,"pct":99.13},"functions":{"total":45,"covered":44,"skipped":0,"pct":97.77},"branches":{"total":24,"covered":23,"skipped":0,"pct":95.83},"branchesTrue":{"total":0,"covered":0,"skipped":0,"pct":100}}
,"/Users/joaoguilherme/Documents/projetos/sd-023-b-project-starwars-planets-search/cypress/mocks/testData.js": {"lines":{"total":1,"covered":1,"skipped":0,"pct":100},"functions":{"total":0,"covered":0,"skipped":0,"pct":100},"statements":{"total":1,"covered":1,"skipped":0,"pct":100},"branches":{"total":0,"covered":0,"skipped":0,"pct":100}}
,"/Users/joaoguilherme/Documents/projetos/sd-023-b-project-starwars-planets-search/src/App.js": {"lines":{"total":1,"covered":1,"skipped":0,"pct":100},"functions":{"total":1,"covered":1,"skipped":0,"pct":100},"statements":{"total":1,"covered":1,"skipped":0,"pct":100},"branches":{"total":0,"covered":0,"skipped":0,"pct":100}}
,"/Users/joaoguilherme/Documents/projetos/sd-023-b-project-starwars-planets-search/src/components/NameFilter.jsx": {"lines":{"total":3,"covered":3,"skipped":0,"pct":100},"functions":{"total":2,"covered":2,"skipped":0,"pct":100},"statements":{"total":3,"covered":3,"skipped":0,"pct":100},"branches":{"total":0,"covered":0,"skipped":0,"pct":100}}
,"/Users/joaoguilherme/Documents/projetos/sd-023-b-project-starwars-planets-search/src/components/NumericFilter.jsx": {"lines":{"total":26,"covered":26,"skipped":0,"pct":100},"functions":{"total":12,"covered":12,"skipped":0,"pct":100},"statements":{"total":28,"covered":28,"skipped":0,"pct":100},"branches":{"total":0,"covered":0,"skipped":0,"pct":100}}
,"/Users/joaoguilherme/Documents/projetos/sd-023-b-project-starwars-planets-search/src/components/Order.jsx": {"lines":{"total":9,"covered":9,"skipped":0,"pct":100},"functions":{"total":5,"covered":5,"skipped":0,"pct":100},"statements":{"total":9,"covered":9,"skipped":0,"pct":100},"branches":{"total":0,"covered":0,"skipped":0,"pct":100}}
,"/Users/joaoguilherme/Documents/projetos/sd-023-b-project-starwars-planets-search/src/components/Table.jsx": {"lines":{"total":49,"covered":49,"skipped":0,"pct":100},"functions":{"total":22,"covered":21,"skipped":0,"pct":95.45},"statements":{"total":55,"covered":54,"skipped":0,"pct":98.18},"branches":{"total":24,"covered":23,"skipped":0,"pct":95.83}}
,"/Users/joaoguilherme/Documents/projetos/sd-023-b-project-starwars-planets-search/src/context/AppContext.js": {"lines":{"total":1,"covered":1,"skipped":0,"pct":100},"functions":{"total":0,"covered":0,"skipped":0,"pct":100},"statements":{"total":1,"covered":1,"skipped":0,"pct":100},"branches":{"total":0,"covered":0,"skipped":0,"pct":100}}
,"/Users/joaoguilherme/Documents/projetos/sd-023-b-project-starwars-planets-search/src/context/Provider.js": {"lines":{"total":8,"covered":8,"skipped":0,"pct":100},"functions":{"total":1,"covered":1,"skipped":0,"pct":100},"statements":{"total":8,"covered":8,"skipped":0,"pct":100},"branches":{"total":0,"covered":0,"skipped":0,"pct":100}}
,"/Users/joaoguilherme/Documents/projetos/sd-023-b-project-starwars-planets-search/src/services/index.js": {"lines":{"total":9,"covered":9,"skipped":0,"pct":100},"functions":{"total":2,"covered":2,"skipped":0,"pct":100},"statements":{"total":9,"covered":9,"skipped":0,"pct":100},"branches":{"total":0,"covered":0,"skipped":0,"pct":100}}
}
