TN:
SF:cypress/mocks/testData.js
FNF:0
FNH:0
DA:1,1
LF:1
LH:1
BRF:0
BRH:0
end_of_record
TN:
SF:src/App.js
FN:9,App
FNF:1
FNH:1
FNDA:6,App
DA:10,6
LF:1
LH:1
BRF:0
BRH:0
end_of_record
TN:
SF:src/components/NameFilter.jsx
FN:4,NameFilter
FN:11,(anonymous_1)
FNF:2
FNH:2
FNDA:61,NameFilter
FNDA:8,(anonymous_1)
DA:5,61
DA:6,61
DA:11,8
LF:3
LH:3
BRF:0
BRH:0
end_of_record
TN:
SF:src/components/NumericFilter.jsx
FN:4,NumericFilter
FN:14,(anonymous_1)
FN:20,(anonymous_2)
FN:23,(anonymous_3)
FN:25,(anonymous_4)
FN:30,(anonymous_5)
FN:36,(anonymous_6)
FN:44,(anonymous_7)
FN:46,(anonymous_8)
FN:50,(anonymous_9)
FN:58,(anonymous_10)
FN:76,(anonymous_11)
FNF:12
FNH:12
FNDA:86,NumericFilter
FNDA:8,(anonymous_1)
FNDA:31,(anonymous_2)
FNDA:1,(anonymous_3)
FNDA:1,(anonymous_4)
FNDA:1,(anonymous_5)
FNDA:15,(anonymous_6)
FNDA:4,(anonymous_7)
FNDA:370,(anonymous_8)
FNDA:6,(anonymous_9)
FNDA:15,(anonymous_10)
FNDA:60,(anonymous_11)
DA:5,86
DA:6,86
DA:7,86
DA:8,86
DA:10,86
DA:11,86
DA:12,86
DA:14,86
DA:15,8
DA:20,31
DA:23,86
DA:24,1
DA:25,1
DA:26,1
DA:27,1
DA:30,86
DA:31,1
DA:32,1
DA:36,86
DA:37,15
DA:40,86
DA:44,4
DA:46,370
DA:50,6
DA:58,15
DA:77,60
LF:26
LH:26
BRF:0
BRH:0
end_of_record
TN:
SF:src/components/Order.jsx
FN:4,Order
FN:9,(anonymous_1)
FN:21,(anonymous_2)
FN:37,(anonymous_3)
FN:48,(anonymous_4)
FNF:5
FNH:5
FNDA:61,Order
FNDA:8,(anonymous_1)
FNDA:4,(anonymous_2)
FNDA:2,(anonymous_3)
FNDA:3,(anonymous_4)
DA:5,61
DA:6,61
DA:7,61
DA:9,61
DA:10,8
DA:16,61
DA:21,4
DA:37,2
DA:48,3
LF:9
LH:9
BRF:0
BRH:0
end_of_record
TN:
SF:src/components/Table.jsx
FN:5,Table
FN:15,(anonymous_1)
FN:19,(anonymous_2)
FN:23,(anonymous_3)
FN:27,(anonymous_4)
FN:34,(anonymous_5)
FN:40,(anonymous_6)
FN:45,(anonymous_7)
FN:46,(anonymous_8)
FN:55,(anonymous_9)
FN:59,(anonymous_10)
FN:63,(anonymous_11)
FN:69,(anonymous_12)
FN:69,(anonymous_13)
FN:71,(anonymous_14)
FN:71,(anonymous_15)
FN:73,(anonymous_16)
FN:74,(anonymous_17)
FN:78,(anonymous_18)
FN:97,(anonymous_19)
FN:102,(anonymous_20)
FN:106,(anonymous_21)
FNF:22
FNH:21
FNDA:67,Table
FNDA:20,(anonymous_1)
FNDA:0,(anonymous_2)
FNDA:17,(anonymous_3)
FNDA:4,(anonymous_4)
FNDA:1,(anonymous_5)
FNDA:14,(anonymous_6)
FNDA:5,(anonymous_7)
FNDA:5,(anonymous_8)
FNDA:13,(anonymous_9)
FNDA:15,(anonymous_10)
FNDA:17,(anonymous_11)
FNDA:2,(anonymous_12)
FNDA:18,(anonymous_13)
FNDA:2,(anonymous_14)
FNDA:31,(anonymous_15)
FNDA:8,(anonymous_16)
FNDA:80,(anonymous_17)
FNDA:10,(anonymous_18)
FNDA:221,(anonymous_19)
FNDA:128,(anonymous_20)
FNDA:1664,(anonymous_21)
DA:8,67
DA:9,66
DA:10,66
DA:11,66
DA:12,66
DA:13,66
DA:15,66
DA:16,20
DA:17,12
DA:19,8
DA:23,66
DA:24,17
DA:25,6
DA:27,4
DA:31,17
DA:32,5
DA:34,1
DA:38,17
DA:39,6
DA:40,14
DA:45,66
DA:46,5
DA:47,5
DA:48,5
DA:49,5
DA:50,5
DA:52,5
DA:55,66
DA:56,13
DA:59,66
DA:60,15
DA:61,7
DA:63,8
DA:64,17
DA:69,66
DA:71,66
DA:73,66
DA:74,80
DA:75,8
DA:78,66
DA:79,10
DA:80,10
DA:81,2
DA:85,10
DA:86,2
DA:92,66
DA:97,221
DA:103,128
DA:107,1664
LF:49
LH:49
BRDA:16,0,0,12
BRDA:16,0,1,8
BRDA:24,1,0,6
BRDA:24,1,1,11
BRDA:27,2,0,4
BRDA:27,2,1,2
BRDA:31,3,0,5
BRDA:31,3,1,12
BRDA:34,4,0,1
BRDA:34,4,1,0
BRDA:38,5,0,6
BRDA:38,5,1,11
BRDA:60,6,0,7
BRDA:60,6,1,8
BRDA:80,7,0,2
BRDA:80,7,1,8
BRDA:85,8,0,2
BRDA:85,8,1,8
BRDA:97,9,0,66
BRDA:97,9,1,17
BRDA:102,10,0,66
BRDA:102,10,1,17
BRDA:107,11,0,128
BRDA:107,11,1,1536
BRF:24
BRH:23
end_of_record
TN:
SF:src/context/AppContext.js
FNF:0
FNH:0
DA:3,1
LF:1
LH:1
BRF:0
BRH:0
end_of_record
TN:
SF:src/context/Provider.js
FN:5,Provider
FNF:1
FNH:1
FNDA:63,Provider
DA:6,63
DA:7,63
DA:8,63
DA:9,63
DA:10,63
DA:11,63
DA:24,63
DA:31,1
LF:8
LH:8
BRF:0
BRH:0
end_of_record
TN:
SF:src/services/index.js
FN:3,(anonymous_0)
FN:7,(anonymous_1)
FNF:2
FNH:2
FNDA:5,(anonymous_0)
FNDA:50,(anonymous_1)
DA:1,1
DA:3,1
DA:4,5
DA:5,5
DA:6,5
DA:7,5
DA:8,50
DA:10,5
DA:11,5
LF:9
LH:9
BRF:0
BRH:0
end_of_record
